2026-01-27 20:27:48 INFO  c.d.t.TodoListApplicationTests - Starting TodoListApplicationTests using Java 17.0.9 with PID 98619 (started by darren in /Users/zangruida/Desktop/WorkSpace/TodoList/TodoList)
2026-01-27 20:27:48 INFO  c.d.t.TodoListApplicationTests - No active profile set, falling back to 1 default profile: "default"
2026-01-27 20:27:49 INFO  c.d.t.TodoListApplicationTests - Started TodoListApplicationTests in 0.748 seconds (process running for 1.158)
2026-01-27 20:27:52 INFO  c.d.t.TodoListApplicationTests - Starting TodoListApplicationTests using Java 17.0.9 with PID 98631 (started by darren in /Users/zangruida/Desktop/WorkSpace/TodoList/TodoList)
2026-01-27 20:27:52 INFO  c.d.t.TodoListApplicationTests - No active profile set, falling back to 1 default profile: "default"
2026-01-27 20:27:53 INFO  c.d.t.TodoListApplicationTests - Started TodoListApplicationTests in 1.103 seconds (process running for 1.645)
2026-01-27 20:34:10 INFO  c.d.t.TodoListApplicationTests - Starting TodoListApplicationTests using Java 17.0.9 with PID 98712 (started by darren in /Users/zangruida/Desktop/WorkSpace/TodoList/TodoList)
2026-01-27 20:34:10 INFO  c.d.t.TodoListApplicationTests - No active profile set, falling back to 1 default profile: "default"
2026-01-27 20:34:10 INFO  c.d.t.TodoListApplicationTests - Started TodoListApplicationTests in 0.778 seconds (process running for 1.166)
2026-01-27 20:34:11 INFO  c.d.t.TodoListApplicationTests - ctx
2026-01-27 20:34:12 INFO  c.d.t.TodoListApplicationTests - Starting TodoListApplicationTests using Java 17.0.9 with PID 98718 (started by darren in /Users/zangruida/Desktop/WorkSpace/TodoList/TodoList)
2026-01-27 20:34:12 INFO  c.d.t.TodoListApplicationTests - No active profile set, falling back to 1 default profile: "default"
2026-01-27 20:34:13 INFO  c.d.t.TodoListApplicationTests - Started TodoListApplicationTests in 0.983 seconds (process running for 1.532)
2026-01-27 20:34:14 INFO  c.d.t.TodoListApplicationTests - ctx
2026-01-27 20:35:10 INFO  c.d.t.TodoListApplicationTests - Starting TodoListApplicationTests using Java 17.0.9 with PID 98750 (started by darren in /Users/zangruida/Desktop/WorkSpace/TodoList/TodoList)
2026-01-27 20:35:10 INFO  c.d.t.TodoListApplicationTests - No active profile set, falling back to 1 default profile: "default"
2026-01-27 20:35:11 INFO  c.d.t.TodoListApplicationTests - Started TodoListApplicationTests in 0.766 seconds (process running for 1.158)
2026-01-27 20:35:11 INFO  c.d.t.TodoListApplicationTests - org.springframework.web.context.support.GenericWebApplicationContext@a0f43018, started on Tue Jan 27 20:35:10 CST 2026
2026-01-27 20:35:13 INFO  c.d.t.TodoListApplicationTests - Starting TodoListApplicationTests using Java 17.0.9 with PID 98756 (started by darren in /Users/zangruida/Desktop/WorkSpace/TodoList/TodoList)
2026-01-27 20:35:13 INFO  c.d.t.TodoListApplicationTests - No active profile set, falling back to 1 default profile: "default"
2026-01-27 20:35:14 INFO  c.d.t.TodoListApplicationTests - Started TodoListApplicationTests in 0.983 seconds (process running for 1.608)
2026-01-27 20:35:14 INFO  c.d.t.TodoListApplicationTests - org.springframework.web.context.support.GenericWebApplicationContext@b927839c, started on Tue Jan 27 20:35:13 CST 2026
2026-01-27 20:37:50 INFO  c.d.t.TodoListApplicationTests - Starting TodoListApplicationTests using Java 17.0.9 with PID 98792 (started by darren in /Users/zangruida/Desktop/WorkSpace/TodoList/TodoList)
2026-01-27 20:37:50 INFO  c.d.t.TodoListApplicationTests - No active profile set, falling back to 1 default profile: "default"
2026-01-27 20:37:51 INFO  c.d.t.TodoListApplicationTests - Started TodoListApplicationTests in 0.75 seconds (process running for 1.141)
2026-01-27 20:37:52 INFO  c.d.t.TodoListApplicationTests - Application = org.springframework.web.context.support.GenericWebApplicationContext@d027e33e, started on Tue Jan 27 20:37:50 CST 2026
2026-01-27 20:37:56 INFO  c.d.t.TodoListApplicationTests - Starting TodoListApplicationTests using Java 17.0.9 with PID 98801 (started by darren in /Users/zangruida/Desktop/WorkSpace/TodoList/TodoList)
2026-01-27 20:37:56 INFO  c.d.t.TodoListApplicationTests - No active profile set, falling back to 1 default profile: "default"
2026-01-27 20:37:57 INFO  c.d.t.TodoListApplicationTests - Started TodoListApplicationTests in 1.392 seconds (process running for 2.46)
2026-01-27 20:37:58 INFO  c.d.t.TodoListApplicationTests - Application = org.springframework.web.context.support.GenericWebApplicationContext@ce8c04a1, started on Tue Jan 27 20:37:56 CST 2026
2026-01-27 20:47:24 INFO  c.d.t.TodoListApplicationTests - Starting TodoListApplicationTests using Java 17.0.9 with PID 99135 (started by darren in /Users/zangruida/Desktop/WorkSpace/TodoList/TodoList)
2026-01-27 20:47:24 INFO  c.d.t.TodoListApplicationTests - No active profile set, falling back to 1 default profile: "default"
2026-01-27 20:47:25 INFO  c.d.t.TodoListApplicationTests - Started TodoListApplicationTests in 0.89 seconds (process running for 1.375)
2026-01-27 20:47:25 INFO  c.d.t.TodoListApplicationTests - Application = org.springframework.web.context.support.GenericWebApplicationContext@28488906, started on Tue Jan 27 20:47:24 CST 2026
2026-01-27 20:47:27 INFO  c.d.t.TodoListApplicationTests - Starting TodoListApplicationTests using Java 17.0.9 with PID 99139 (started by darren in /Users/zangruida/Desktop/WorkSpace/TodoList/TodoList)
2026-01-27 20:47:27 INFO  c.d.t.TodoListApplicationTests - No active profile set, falling back to 1 default profile: "default"
2026-01-27 20:47:28 INFO  c.d.t.TodoListApplicationTests - Started TodoListApplicationTests in 1.039 seconds (process running for 1.701)
2026-01-27 20:47:29 INFO  c.d.t.TodoListApplicationTests - Application = org.springframework.web.context.support.GenericWebApplicationContext@7f2359f1, started on Tue Jan 27 20:47:27 CST 2026
2026-01-27 20:49:10 INFO  c.d.t.TodoListApplicationTests - Starting TodoListApplicationTests using Java 17.0.9 with PID 99181 (started by darren in /Users/zangruida/Desktop/WorkSpace/TodoList/TodoList)
2026-01-27 20:49:10 INFO  c.d.t.TodoListApplicationTests - No active profile set, falling back to 1 default profile: "default"
2026-01-27 20:49:10 INFO  c.d.t.TodoListApplicationTests - Started TodoListApplicationTests in 0.715 seconds (process running for 1.113)
2026-01-27 20:49:11 INFO  c.d.t.TodoListApplicationTests - Application = org.springframework.web.context.support.GenericWebApplicationContext@33054947, started on Tue Jan 27 20:49:10 CST 2026
2026-01-27 20:49:12 INFO  c.d.todolist.TodoListApplication - Starting TodoListApplication using Java 17.0.9 with PID 99184 (/Users/zangruida/Desktop/WorkSpace/TodoList/TodoList/target/classes started by darren in /Users/zangruida/Desktop/WorkSpace/TodoList/TodoList)
2026-01-27 20:49:12 INFO  c.d.todolist.TodoListApplication - No active profile set, falling back to 1 default profile: "default"
2026-01-27 20:49:12 INFO  o.s.b.w.e.tomcat.TomcatWebServer - Tomcat initialized with port 8080 (http)
2026-01-27 20:49:12 INFO  o.a.coyote.http11.Http11NioProtocol - Initializing ProtocolHandler ["http-nio-8080"]
2026-01-27 20:49:12 INFO  o.a.catalina.core.StandardService - Starting service [Tomcat]
2026-01-27 20:49:12 INFO  o.a.catalina.core.StandardEngine - Starting Servlet engine: [Apache Tomcat/10.1.50]
2026-01-27 20:49:12 INFO  o.a.c.c.C.[Tomcat].[localhost].[/] - Initializing Spring embedded WebApplicationContext
2026-01-27 20:49:12 INFO  o.s.b.w.s.c.ServletWebServerApplicationContext - Root WebApplicationContext: initialization completed in 454 ms
2026-01-27 20:49:12 INFO  o.a.coyote.http11.Http11NioProtocol - Starting ProtocolHandler ["http-nio-8080"]
2026-01-27 20:49:12 INFO  o.s.b.w.e.tomcat.TomcatWebServer - Tomcat started on port 8080 (http) with context path '/'
2026-01-27 20:49:12 INFO  c.d.todolist.TodoListApplication - Started TodoListApplication in 0.944 seconds (process running for 1.177)
2026-01-27 20:49:18 INFO  o.a.c.c.C.[Tomcat].[localhost].[/] - Initializing Spring DispatcherServlet 'dispatcherServlet'
2026-01-27 20:49:18 INFO  o.s.web.servlet.DispatcherServlet - Initializing Servlet 'dispatcherServlet'
2026-01-27 20:49:18 INFO  o.s.web.servlet.DispatcherServlet - Completed initialization in 1 ms
2026-01-27 20:58:31 INFO  o.s.b.w.e.tomcat.GracefulShutdown - Commencing graceful shutdown. Waiting for active requests to complete
2026-01-27 20:58:33 INFO  o.s.b.w.e.tomcat.GracefulShutdown - Graceful shutdown complete
2026-01-27 21:03:51 INFO  c.d.t.TodoListApplicationTests - Starting TodoListApplicationTests using Java 17.0.9 with PID 101 (started by darren in /Users/zangruida/Desktop/WorkSpace/TodoList/TodoList)
2026-01-27 21:03:51 INFO  c.d.t.TodoListApplicationTests - No active profile set, falling back to 1 default profile: "default"
2026-01-27 21:03:51 INFO  c.d.t.TodoListApplicationTests - Started TodoListApplicationTests in 0.747 seconds (process running for 1.21)
2026-01-27 21:03:52 INFO  c.d.t.TodoListApplicationTests - Application = org.springframework.web.context.support.GenericWebApplicationContext@a9b6c97f, started on Tue Jan 27 21:03:51 CST 2026
2026-01-27 21:03:53 INFO  c.d.todolist.TodoListApplication - Starting TodoListApplication using Java 17.0.9 with PID 113 (/Users/zangruida/Desktop/WorkSpace/TodoList/TodoList/target/classes started by darren in /Users/zangruida/Desktop/WorkSpace/TodoList/TodoList)
2026-01-27 21:03:53 INFO  c.d.todolist.TodoListApplication - No active profile set, falling back to 1 default profile: "default"
2026-01-27 21:03:53 INFO  o.s.b.w.e.tomcat.TomcatWebServer - Tomcat initialized with port 8080 (http)
2026-01-27 21:03:53 INFO  o.a.coyote.http11.Http11NioProtocol - Initializing ProtocolHandler ["http-nio-8080"]
2026-01-27 21:03:53 INFO  o.a.catalina.core.StandardService - Starting service [Tomcat]
2026-01-27 21:03:53 INFO  o.a.catalina.core.StandardEngine - Starting Servlet engine: [Apache Tomcat/10.1.50]
2026-01-27 21:03:53 INFO  o.a.c.c.C.[Tomcat].[localhost].[/] - Initializing Spring embedded WebApplicationContext
2026-01-27 21:03:53 INFO  o.s.b.w.s.c.ServletWebServerApplicationContext - Root WebApplicationContext: initialization completed in 525 ms
2026-01-27 21:03:53 INFO  o.a.coyote.http11.Http11NioProtocol - Starting ProtocolHandler ["http-nio-8080"]
2026-01-27 21:03:53 INFO  o.s.b.w.e.tomcat.TomcatWebServer - Tomcat started on port 8080 (http) with context path '/'
2026-01-27 21:03:53 INFO  c.d.todolist.TodoListApplication - Started TodoListApplication in 0.989 seconds (process running for 1.196)
2026-01-27 21:04:03 INFO  o.a.c.c.C.[Tomcat].[localhost].[/] - Initializing Spring DispatcherServlet 'dispatcherServlet'
2026-01-27 21:04:03 INFO  o.s.web.servlet.DispatcherServlet - Initializing Servlet 'dispatcherServlet'
2026-01-27 21:04:03 INFO  o.s.web.servlet.DispatcherServlet - Completed initialization in 0 ms
2026-01-27 21:17:13 INFO  c.d.todolist.service.TaskServiceImpl - TaskService添加任务:class com.darren.todolist.entity.Task
2026-01-27 22:01:05 INFO  o.s.b.w.e.tomcat.GracefulShutdown - Commencing graceful shutdown. Waiting for active requests to complete
2026-01-27 22:01:06 INFO  o.s.b.w.e.tomcat.GracefulShutdown - Graceful shutdown complete
2026-01-27 22:01:10 INFO  c.d.t.TodoListApplicationTests - Starting TodoListApplicationTests using Java 17.0.9 with PID 1930 (started by darren in /Users/zangruida/Desktop/WorkSpace/TodoList/TodoList)
2026-01-27 22:01:10 INFO  c.d.t.TodoListApplicationTests - No active profile set, falling back to 1 default profile: "default"
2026-01-27 22:01:11 INFO  c.d.t.TodoListApplicationTests - Started TodoListApplicationTests in 0.731 seconds (process running for 1.115)
2026-01-27 22:01:11 INFO  c.d.t.TodoListApplicationTests - Application = org.springframework.web.context.support.GenericWebApplicationContext@e3142039, started on Tue Jan 27 22:01:10 CST 2026
2026-01-27 22:01:12 INFO  c.d.todolist.TodoListApplication - Starting TodoListApplication using Java 17.0.9 with PID 1940 (/Users/zangruida/Desktop/WorkSpace/TodoList/TodoList/target/classes started by darren in /Users/zangruida/Desktop/WorkSpace/TodoList/TodoList)
2026-01-27 22:01:12 INFO  c.d.todolist.TodoListApplication - No active profile set, falling back to 1 default profile: "default"
2026-01-27 22:01:13 INFO  o.s.b.w.e.tomcat.TomcatWebServer - Tomcat initialized with port 8080 (http)
2026-01-27 22:01:13 INFO  o.a.coyote.http11.Http11NioProtocol - Initializing ProtocolHandler ["http-nio-8080"]
2026-01-27 22:01:13 INFO  o.a.catalina.core.StandardService - Starting service [Tomcat]
2026-01-27 22:01:13 INFO  o.a.catalina.core.StandardEngine - Starting Servlet engine: [Apache Tomcat/10.1.50]
2026-01-27 22:01:13 INFO  o.a.c.c.C.[Tomcat].[localhost].[/] - Initializing Spring embedded WebApplicationContext
2026-01-27 22:01:13 INFO  o.s.b.w.s.c.ServletWebServerApplicationContext - Root WebApplicationContext: initialization completed in 435 ms
2026-01-27 22:01:13 INFO  o.a.coyote.http11.Http11NioProtocol - Starting ProtocolHandler ["http-nio-8080"]
2026-01-27 22:01:13 INFO  o.s.b.w.e.tomcat.TomcatWebServer - Tomcat started on port 8080 (http) with context path '/'
2026-01-27 22:01:13 INFO  c.d.todolist.TodoListApplication - Started TodoListApplication in 0.887 seconds (process running for 1.149)
2026-01-27 22:01:16 INFO  o.s.b.w.e.tomcat.GracefulShutdown - Commencing graceful shutdown. Waiting for active requests to complete
2026-01-27 22:01:16 INFO  o.s.b.w.e.tomcat.GracefulShutdown - Graceful shutdown complete
2026-01-27 22:10:43 INFO  c.d.t.TodoListApplicationTests - Starting TodoListApplicationTests using Java 17.0.9 with PID 2052 (started by darren in /Users/zangruida/Desktop/WorkSpace/TodoList/TodoList)
2026-01-27 22:10:43 INFO  c.d.t.TodoListApplicationTests - No active profile set, falling back to 1 default profile: "default"
2026-01-27 22:10:43 INFO  c.d.t.TodoListApplicationTests - Started TodoListApplicationTests in 0.746 seconds (process running for 1.172)
2026-01-27 22:10:44 INFO  c.d.t.TodoListApplicationTests - Application = org.springframework.web.context.support.GenericWebApplicationContext@19a93de3, started on Tue Jan 27 22:10:43 CST 2026
2026-01-27 22:10:45 INFO  c.d.todolist.TodoListApplication - Starting TodoListApplication using Java 17.0.9 with PID 2056 (/Users/zangruida/Desktop/WorkSpace/TodoList/TodoList/target/classes started by darren in /Users/zangruida/Desktop/WorkSpace/TodoList/TodoList)
2026-01-27 22:10:45 INFO  c.d.todolist.TodoListApplication - No active profile set, falling back to 1 default profile: "default"
2026-01-27 22:10:45 INFO  o.s.b.w.e.tomcat.TomcatWebServer - Tomcat initialized with port 8080 (http)
2026-01-27 22:10:45 INFO  o.a.coyote.http11.Http11NioProtocol - Initializing ProtocolHandler ["http-nio-8080"]
2026-01-27 22:10:45 INFO  o.a.catalina.core.StandardService - Starting service [Tomcat]
2026-01-27 22:10:45 INFO  o.a.catalina.core.StandardEngine - Starting Servlet engine: [Apache Tomcat/10.1.50]
2026-01-27 22:10:45 INFO  o.a.c.c.C.[Tomcat].[localhost].[/] - Initializing Spring embedded WebApplicationContext
2026-01-27 22:10:45 INFO  o.s.b.w.s.c.ServletWebServerApplicationContext - Root WebApplicationContext: initialization completed in 403 ms
2026-01-27 22:10:45 INFO  o.a.coyote.http11.Http11NioProtocol - Starting ProtocolHandler ["http-nio-8080"]
2026-01-27 22:10:45 INFO  o.s.b.w.e.tomcat.TomcatWebServer - Tomcat started on port 8080 (http) with context path '/'
2026-01-27 22:10:45 INFO  c.d.todolist.TodoListApplication - Started TodoListApplication in 0.88 seconds (process running for 1.16)
2026-01-27 22:10:55 INFO  o.a.c.c.C.[Tomcat].[localhost].[/] - Initializing Spring DispatcherServlet 'dispatcherServlet'
2026-01-27 22:10:55 INFO  o.s.web.servlet.DispatcherServlet - Initializing Servlet 'dispatcherServlet'
2026-01-27 22:10:55 INFO  o.s.web.servlet.DispatcherServlet - Completed initialization in 2 ms
2026-01-27 22:10:55 INFO  c.d.t.controller.TaskController - TaskController
2026-01-27 22:10:55 INFO  c.d.todolist.service.TaskServiceImpl - TaskService添加任务:class com.darren.todolist.entity.Task
2026-01-27 22:12:02 INFO  o.s.b.w.e.tomcat.GracefulShutdown - Commencing graceful shutdown. Waiting for active requests to complete
2026-01-27 22:12:03 INFO  o.s.b.w.e.tomcat.GracefulShutdown - Graceful shutdown complete
2026-01-27 22:12:06 INFO  c.d.t.TodoListApplicationTests - Starting TodoListApplicationTests using Java 17.0.9 with PID 2095 (started by darren in /Users/zangruida/Desktop/WorkSpace/TodoList/TodoList)
2026-01-27 22:12:06 INFO  c.d.t.TodoListApplicationTests - No active profile set, falling back to 1 default profile: "default"
2026-01-27 22:12:07 INFO  c.d.t.TodoListApplicationTests - Started TodoListApplicationTests in 0.686 seconds (process running for 1.051)
2026-01-27 22:12:08 INFO  c.d.t.TodoListApplicationTests - Application = org.springframework.web.context.support.GenericWebApplicationContext@e1d9c3e5, started on Tue Jan 27 22:12:07 CST 2026
2026-01-27 22:12:09 INFO  c.d.todolist.TodoListApplication - Starting TodoListApplication using Java 17.0.9 with PID 2103 (/Users/zangruida/Desktop/WorkSpace/TodoList/TodoList/target/classes started by darren in /Users/zangruida/Desktop/WorkSpace/TodoList/TodoList)
2026-01-27 22:12:09 INFO  c.d.todolist.TodoListApplication - No active profile set, falling back to 1 default profile: "default"
2026-01-27 22:12:09 INFO  o.s.b.w.e.tomcat.TomcatWebServer - Tomcat initialized with port 8080 (http)
2026-01-27 22:12:09 INFO  o.a.coyote.http11.Http11NioProtocol - Initializing ProtocolHandler ["http-nio-8080"]
2026-01-27 22:12:09 INFO  o.a.catalina.core.StandardService - Starting service [Tomcat]
2026-01-27 22:12:09 INFO  o.a.catalina.core.StandardEngine - Starting Servlet engine: [Apache Tomcat/10.1.50]
2026-01-27 22:12:09 INFO  o.a.c.c.C.[Tomcat].[localhost].[/] - Initializing Spring embedded WebApplicationContext
2026-01-27 22:12:09 INFO  o.s.b.w.s.c.ServletWebServerApplicationContext - Root WebApplicationContext: initialization completed in 433 ms
2026-01-27 22:12:09 INFO  o.a.coyote.http11.Http11NioProtocol - Starting ProtocolHandler ["http-nio-8080"]
2026-01-27 22:12:09 INFO  o.s.b.w.e.tomcat.TomcatWebServer - Tomcat started on port 8080 (http) with context path '/'
2026-01-27 22:12:09 INFO  c.d.todolist.TodoListApplication - Started TodoListApplication in 0.878 seconds (process running for 1.099)
2026-01-27 22:12:12 INFO  o.a.c.c.C.[Tomcat].[localhost].[/] - Initializing Spring DispatcherServlet 'dispatcherServlet'
2026-01-27 22:12:12 INFO  o.s.web.servlet.DispatcherServlet - Initializing Servlet 'dispatcherServlet'
2026-01-27 22:12:12 INFO  o.s.web.servlet.DispatcherServlet - Completed initialization in 1 ms
2026-01-27 22:12:12 INFO  c.d.t.controller.TaskController - TaskController
2026-01-27 22:12:12 INFO  c.d.todolist.service.TaskServiceImpl - TaskService添加任务:class com.darren.todolist.entity.Task,id= 1
2026-01-27 22:12:40 INFO  c.d.t.controller.TaskController - TaskController
2026-01-27 22:12:40 INFO  c.d.todolist.service.TaskServiceImpl - TaskService添加任务:class com.darren.todolist.entity.Task,id= 2
2026-01-27 22:14:07 WARN  o.s.w.s.m.s.DefaultHandlerExceptionResolver - Resolved [org.springframework.web.bind.MissingServletRequestParameterException: Required request parameter 'status' for method parameter type TaskStatus is not present]
2026-01-27 22:14:56 INFO  c.d.todolist.service.TaskServiceImpl - update id=1 status for Done
2026-01-27 22:16:00 WARN  o.s.w.s.m.s.DefaultHandlerExceptionResolver - Resolved [org.springframework.web.bind.MissingServletRequestParameterException: Required request parameter 'status' for method parameter type TaskStatus is not present]
2026-01-27 22:16:07 INFO  c.d.todolist.service.TaskServiceImpl - update id=2 status for Done
2026-01-27 22:16:39 INFO  c.d.todolist.service.TaskServiceImpl - update id=2 status for Todo
2026-01-27 22:17:31 INFO  c.d.t.controller.TaskController - TaskController
2026-01-27 22:17:31 INFO  c.d.todolist.service.TaskServiceImpl - TaskService添加任务:class com.darren.todolist.entity.Task,id= 3
2026-01-27 22:18:26 INFO  o.s.b.w.e.tomcat.GracefulShutdown - Commencing graceful shutdown. Waiting for active requests to complete
2026-01-27 22:18:28 INFO  o.s.b.w.e.tomcat.GracefulShutdown - Graceful shutdown complete
2026-01-27 22:18:31 INFO  c.d.t.TodoListApplicationTests - Starting TodoListApplicationTests using Java 17.0.9 with PID 2238 (started by darren in /Users/zangruida/Desktop/WorkSpace/TodoList/TodoList)
2026-01-27 22:18:31 INFO  c.d.t.TodoListApplicationTests - No active profile set, falling back to 1 default profile: "default"
2026-01-27 22:18:32 INFO  c.d.t.TodoListApplicationTests - Started TodoListApplicationTests in 0.725 seconds (process running for 1.111)
2026-01-27 22:18:33 INFO  c.d.t.TodoListApplicationTests - Application = org.springframework.web.context.support.GenericWebApplicationContext@8ddd9217, started on Tue Jan 27 22:18:32 CST 2026
2026-01-27 22:18:34 INFO  c.d.todolist.TodoListApplication - Starting TodoListApplication using Java 17.0.9 with PID 2246 (/Users/zangruida/Desktop/WorkSpace/TodoList/TodoList/target/classes started by darren in /Users/zangruida/Desktop/WorkSpace/TodoList/TodoList)
2026-01-27 22:18:34 INFO  c.d.todolist.TodoListApplication - No active profile set, falling back to 1 default profile: "default"
2026-01-27 22:18:34 INFO  o.s.b.w.e.tomcat.TomcatWebServer - Tomcat initialized with port 8080 (http)
2026-01-27 22:18:34 INFO  o.a.coyote.http11.Http11NioProtocol - Initializing ProtocolHandler ["http-nio-8080"]
2026-01-27 22:18:34 INFO  o.a.catalina.core.StandardService - Starting service [Tomcat]
2026-01-27 22:18:34 INFO  o.a.catalina.core.StandardEngine - Starting Servlet engine: [Apache Tomcat/10.1.50]
2026-01-27 22:18:34 INFO  o.a.c.c.C.[Tomcat].[localhost].[/] - Initializing Spring embedded WebApplicationContext
2026-01-27 22:18:34 INFO  o.s.b.w.s.c.ServletWebServerApplicationContext - Root WebApplicationContext: initialization completed in 469 ms
2026-01-27 22:18:34 INFO  o.a.coyote.http11.Http11NioProtocol - Starting ProtocolHandler ["http-nio-8080"]
2026-01-27 22:18:34 INFO  o.s.b.w.e.tomcat.TomcatWebServer - Tomcat started on port 8080 (http) with context path '/'
2026-01-27 22:18:34 INFO  c.d.todolist.TodoListApplication - Started TodoListApplication in 0.991 seconds (process running for 1.241)
2026-01-27 22:18:40 INFO  o.a.c.c.C.[Tomcat].[localhost].[/] - Initializing Spring DispatcherServlet 'dispatcherServlet'
2026-01-27 22:18:40 INFO  o.s.web.servlet.DispatcherServlet - Initializing Servlet 'dispatcherServlet'
2026-01-27 22:18:40 INFO  o.s.web.servlet.DispatcherServlet - Completed initialization in 1 ms
2026-01-27 22:18:44 INFO  c.d.t.controller.TaskController - TaskController
2026-01-27 22:18:44 INFO  c.d.todolist.service.TaskServiceImpl - TaskService添加任务:class com.darren.todolist.entity.Task,id= 1
2026-01-27 22:18:49 INFO  c.d.t.controller.TaskController - TaskController
2026-01-27 22:18:49 INFO  c.d.todolist.service.TaskServiceImpl - TaskService添加任务:class com.darren.todolist.entity.Task,id= 2
2026-01-27 22:18:52 INFO  c.d.t.controller.TaskController - TaskController
2026-01-27 22:18:52 INFO  c.d.todolist.service.TaskServiceImpl - TaskService添加任务:class com.darren.todolist.entity.Task,id= 3
2026-01-27 22:19:41 INFO  c.d.todolist.service.TaskServiceImpl - update id=1 status for Done
2026-01-27 22:24:05 WARN  o.s.w.s.m.s.DefaultHandlerExceptionResolver - Resolved [org.springframework.web.bind.MissingServletRequestParameterException: Required request parameter 'id' for method parameter type int is not present]
2026-01-27 22:25:58 INFO  o.s.b.w.e.tomcat.GracefulShutdown - Commencing graceful shutdown. Waiting for active requests to complete
2026-01-27 22:25:59 INFO  o.s.b.w.e.tomcat.GracefulShutdown - Graceful shutdown complete
